{"/Users/marveltracker/code/jwt-token-validator/jwt-token-validator/src/auth.ts": {"path":"/Users/marveltracker/code/jwt-token-validator/jwt-token-validator/src/auth.ts","statementMap":{"0":{"start":{"line":1,"column":0},"end":{"line":1,"column":36}},"1":{"start":{"line":3,"column":0},"end":{"line":3,"column":50}},"2":{"start":{"line":26,"column":4},"end":{"line":26,"column":29}},"3":{"start":{"line":29,"column":4},"end":{"line":36,"column":5}},"4":{"start":{"line":30,"column":6},"end":{"line":35,"column":9}},"5":{"start":{"line":38,"column":4},"end":{"line":38,"column":40}},"6":{"start":{"line":39,"column":4},"end":{"line":39,"column":32}},"7":{"start":{"line":40,"column":4},"end":{"line":40,"column":36}},"8":{"start":{"line":41,"column":4},"end":{"line":41,"column":50}},"9":{"start":{"line":45,"column":4},"end":{"line":55,"column":7}},"10":{"start":{"line":46,"column":6},"end":{"line":54,"column":9}},"11":{"start":{"line":47,"column":8},"end":{"line":53,"column":9}},"12":{"start":{"line":48,"column":10},"end":{"line":48,"column":22}},"13":{"start":{"line":49,"column":15},"end":{"line":53,"column":9}},"14":{"start":{"line":50,"column":10},"end":{"line":50,"column":38}},"15":{"start":{"line":52,"column":10},"end":{"line":52,"column":72}},"16":{"start":{"line":62,"column":4},"end":{"line":68,"column":5}},"17":{"start":{"line":64,"column":6},"end":{"line":64,"column":59}},"18":{"start":{"line":65,"column":6},"end":{"line":65,"column":38}},"19":{"start":{"line":67,"column":6},"end":{"line":67,"column":39}},"20":{"start":{"line":70,"column":4},"end":{"line":72,"column":5}},"21":{"start":{"line":71,"column":6},"end":{"line":71,"column":57}},"22":{"start":{"line":74,"column":35},"end":{"line":78,"column":6}},"23":{"start":{"line":80,"column":4},"end":{"line":89,"column":5}},"24":{"start":{"line":82,"column":32},"end":{"line":82,"column":61}},"25":{"start":{"line":85,"column":22},"end":{"line":85,"column":67}},"26":{"start":{"line":86,"column":6},"end":{"line":86,"column":21}},"27":{"start":{"line":88,"column":6},"end":{"line":88,"column":18}},"28":{"start":{"line":93,"column":23},"end":{"line":93,"column":55}},"29":{"start":{"line":94,"column":4},"end":{"line":96,"column":5}},"30":{"start":{"line":95,"column":6},"end":{"line":95,"column":23}},"31":{"start":{"line":97,"column":18},"end":{"line":97,"column":51}},"32":{"start":{"line":98,"column":4},"end":{"line":100,"column":5}},"33":{"start":{"line":99,"column":6},"end":{"line":99,"column":22}},"34":{"start":{"line":101,"column":4},"end":{"line":101,"column":21}},"35":{"start":{"line":17,"column":0},"end":{"line":17,"column":13}}},"fnMap":{"0":{"name":"(anonymous_14)","decl":{"start":{"line":25,"column":2},"end":{"line":25,"column":14}},"loc":{"start":{"line":25,"column":32},"end":{"line":42,"column":3}}},"1":{"name":"(anonymous_15)","decl":{"start":{"line":44,"column":16},"end":{"line":44,"column":29}},"loc":{"start":{"line":44,"column":41},"end":{"line":56,"column":null}}},"2":{"name":"(anonymous_17)","decl":{"start":{"line":45,"column":23},"end":{"line":45,"column":24}},"loc":{"start":{"line":45,"column":43},"end":{"line":55,"column":5}}},"3":{"name":"(anonymous_18)","decl":{"start":{"line":46,"column":37},"end":{"line":46,"column":38}},"loc":{"start":{"line":46,"column":50},"end":{"line":54,"column":7}}},"4":{"name":"(anonymous_19)","decl":{"start":{"line":58,"column":15},"end":{"line":58,"column":28}},"loc":{"start":{"line":58,"column":42},"end":{"line":90,"column":null}}},"5":{"name":"(anonymous_21)","decl":{"start":{"line":92,"column":9},"end":{"line":92,"column":27}},"loc":{"start":{"line":92,"column":40},"end":{"line":102,"column":3}}}},"branchMap":{"0":{"loc":{"start":{"line":29,"column":4},"end":{"line":36,"column":5}},"type":"if","locations":[{"start":{"line":29,"column":4},"end":{"line":36,"column":5}}]},"1":{"loc":{"start":{"line":47,"column":8},"end":{"line":53,"column":9}},"type":"if","locations":[{"start":{"line":47,"column":8},"end":{"line":53,"column":9}},{"start":{"line":49,"column":15},"end":{"line":53,"column":9}}]},"2":{"loc":{"start":{"line":49,"column":15},"end":{"line":53,"column":9}},"type":"if","locations":[{"start":{"line":49,"column":15},"end":{"line":53,"column":9}},{"start":{"line":51,"column":15},"end":{"line":53,"column":9}}]},"3":{"loc":{"start":{"line":49,"column":19},"end":{"line":49,"column":42}},"type":"binary-expr","locations":[{"start":{"line":49,"column":19},"end":{"line":49,"column":22}},{"start":{"line":49,"column":26},"end":{"line":49,"column":42}}]},"4":{"loc":{"start":{"line":65,"column":12},"end":{"line":65,"column":37}},"type":"cond-expr","locations":[{"start":{"line":65,"column":32},"end":{"line":65,"column":34}},{"start":{"line":65,"column":32},"end":{"line":65,"column":37}}]},"5":{"loc":{"start":{"line":65,"column":12},"end":{"line":65,"column":34}},"type":"binary-expr","locations":[{"start":{"line":65,"column":12},"end":{"line":65,"column":34}},{"start":{"line":65,"column":32},"end":{"line":65,"column":34}}]},"6":{"loc":{"start":{"line":65,"column":12},"end":{"line":65,"column":32}},"type":"cond-expr","locations":[{"start":{"line":65,"column":24},"end":{"line":65,"column":26}},{"start":{"line":65,"column":12},"end":{"line":65,"column":32}}]},"7":{"loc":{"start":{"line":65,"column":12},"end":{"line":65,"column":26}},"type":"binary-expr","locations":[{"start":{"line":65,"column":12},"end":{"line":65,"column":26}},{"start":{"line":65,"column":12},"end":{"line":65,"column":26}}]},"8":{"loc":{"start":{"line":70,"column":4},"end":{"line":72,"column":5}},"type":"if","locations":[{"start":{"line":70,"column":4},"end":{"line":72,"column":5}}]},"9":{"loc":{"start":{"line":94,"column":4},"end":{"line":96,"column":5}},"type":"if","locations":[{"start":{"line":94,"column":4},"end":{"line":96,"column":5}}]},"10":{"loc":{"start":{"line":98,"column":4},"end":{"line":100,"column":5}},"type":"if","locations":[{"start":{"line":98,"column":4},"end":{"line":100,"column":5}}]},"11":{"loc":{"start":{"line":98,"column":8},"end":{"line":98,"column":33}},"type":"binary-expr","locations":[{"start":{"line":98,"column":8},"end":{"line":98,"column":13}},{"start":{"line":98,"column":17},"end":{"line":98,"column":33}}]}},"s":{"0":1,"1":1,"2":0,"3":0,"4":0,"5":0,"6":0,"7":0,"8":0,"9":0,"10":0,"11":0,"12":0,"13":0,"14":0,"15":0,"16":0,"17":0,"18":0,"19":0,"20":0,"21":0,"22":0,"23":0,"24":0,"25":0,"26":0,"27":0,"28":0,"29":0,"30":0,"31":0,"32":0,"33":0,"34":0,"35":1},"f":{"0":0,"1":0,"2":0,"3":0,"4":0,"5":0},"b":{"0":[0],"1":[0,0],"2":[0,0],"3":[0,0],"4":[0,0],"5":[0,0],"6":[0,0],"7":[0,0],"8":[0],"9":[0],"10":[0],"11":[0,0]}}
,"/Users/marveltracker/code/jwt-token-validator/jwt-token-validator/src/index.ts": {"path":"/Users/marveltracker/code/jwt-token-validator/jwt-token-validator/src/index.ts","statementMap":{"0":{"start":{"line":1,"column":0},"end":{"line":1,"column":53}},"1":{"start":{"line":2,"column":0},"end":{"line":2,"column":28}},"2":{"start":{"line":3,"column":0},"end":{"line":3,"column":30}},"3":{"start":{"line":5,"column":0},"end":{"line":5,"column":16}},"4":{"start":{"line":7,"column":12},"end":{"line":7,"column":21}},"5":{"start":{"line":50,"column":9},"end":{"line":50,"column":12}},"6":{"start":{"line":8,"column":13},"end":{"line":8,"column":37}},"7":{"start":{"line":10,"column":19},"end":{"line":20,"column":2}},"8":{"start":{"line":22,"column":13},"end":{"line":22,"column":33}},"9":{"start":{"line":25,"column":0},"end":{"line":39,"column":3}},"10":{"start":{"line":25,"column":69},"end":{"line":39,"column":2}},"11":{"start":{"line":26,"column":16},"end":{"line":26,"column":44}},"12":{"start":{"line":27,"column":2},"end":{"line":29,"column":3}},"13":{"start":{"line":28,"column":4},"end":{"line":28,"column":65}},"14":{"start":{"line":31,"column":2},"end":{"line":38,"column":3}},"15":{"start":{"line":32,"column":25},"end":{"line":32,"column":56}},"16":{"start":{"line":33,"column":4},"end":{"line":33,"column":30}},"17":{"start":{"line":34,"column":4},"end":{"line":34,"column":56}},"18":{"start":{"line":36,"column":4},"end":{"line":36,"column":32}},"19":{"start":{"line":37,"column":4},"end":{"line":37,"column":76}},"20":{"start":{"line":41,"column":0},"end":{"line":43,"column":3}},"21":{"start":{"line":41,"column":61},"end":{"line":43,"column":2}},"22":{"start":{"line":42,"column":2},"end":{"line":42,"column":29}},"23":{"start":{"line":46,"column":15},"end":{"line":48,"column":2}},"24":{"start":{"line":47,"column":2},"end":{"line":47,"column":63}},"25":{"start":{"line":50,"column":14},"end":{"line":50,"column":20}}},"fnMap":{"0":{"name":"(anonymous_8)","decl":{"start":{"line":25,"column":31},"end":{"line":25,"column":38}},"loc":{"start":{"line":25,"column":69},"end":{"line":39,"column":2}}},"1":{"name":"(anonymous_9)","decl":{"start":{"line":25,"column":69},"end":{"line":25,"column":null}},"loc":{"start":{"line":25,"column":69},"end":{"line":39,"column":1}}},"2":{"name":"(anonymous_10)","decl":{"start":{"line":41,"column":23},"end":{"line":41,"column":30}},"loc":{"start":{"line":41,"column":61},"end":{"line":43,"column":2}}},"3":{"name":"(anonymous_11)","decl":{"start":{"line":41,"column":61},"end":{"line":41,"column":null}},"loc":{"start":{"line":41,"column":61},"end":{"line":43,"column":1}}},"4":{"name":"(anonymous_12)","decl":{"start":{"line":46,"column":32},"end":{"line":46,"column":35}},"loc":{"start":{"line":46,"column":37},"end":{"line":48,"column":1}}}},"branchMap":{"0":{"loc":{"start":{"line":8,"column":13},"end":{"line":8,"column":37}},"type":"binary-expr","locations":[{"start":{"line":8,"column":13},"end":{"line":8,"column":29}},{"start":{"line":8,"column":33},"end":{"line":8,"column":37}}]},"1":{"loc":{"start":{"line":12,"column":4},"end":{"line":12,"column":76}},"type":"binary-expr","locations":[{"start":{"line":12,"column":4},"end":{"line":12,"column":24}},{"start":{"line":12,"column":28},"end":{"line":12,"column":76}}]},"2":{"loc":{"start":{"line":14,"column":28},"end":{"line":14,"column":64}},"type":"binary-expr","locations":[{"start":{"line":14,"column":28},"end":{"line":14,"column":57}},{"start":{"line":14,"column":61},"end":{"line":14,"column":64}}]},"3":{"loc":{"start":{"line":15,"column":24},"end":{"line":15,"column":59}},"type":"binary-expr","locations":[{"start":{"line":15,"column":24},"end":{"line":15,"column":49}},{"start":{"line":15,"column":53},"end":{"line":15,"column":59}}]},"4":{"loc":{"start":{"line":16,"column":15},"end":{"line":16,"column":48}},"type":"binary-expr","locations":[{"start":{"line":16,"column":15},"end":{"line":16,"column":37}},{"start":{"line":16,"column":41},"end":{"line":16,"column":48}}]},"5":{"loc":{"start":{"line":17,"column":10},"end":{"line":17,"column":59}},"type":"binary-expr","locations":[{"start":{"line":17,"column":10},"end":{"line":17,"column":28}},{"start":{"line":17,"column":32},"end":{"line":17,"column":59}}]},"6":{"loc":{"start":{"line":18,"column":12},"end":{"line":18,"column":51}},"type":"binary-expr","locations":[{"start":{"line":18,"column":12},"end":{"line":18,"column":32}},{"start":{"line":18,"column":36},"end":{"line":18,"column":51}}]},"7":{"loc":{"start":{"line":19,"column":19},"end":{"line":19,"column":64}},"type":"binary-expr","locations":[{"start":{"line":19,"column":19},"end":{"line":19,"column":48}},{"start":{"line":19,"column":52},"end":{"line":19,"column":64}}]},"8":{"loc":{"start":{"line":27,"column":2},"end":{"line":29,"column":3}},"type":"if","locations":[{"start":{"line":27,"column":2},"end":{"line":29,"column":3}}]}},"s":{"0":1,"1":1,"2":1,"3":1,"4":1,"5":1,"6":1,"7":1,"8":1,"9":1,"10":3,"11":3,"12":3,"13":1,"14":2,"15":2,"16":1,"17":1,"18":1,"19":1,"20":1,"21":0,"22":0,"23":1,"24":1,"25":1},"f":{"0":3,"1":3,"2":0,"3":0,"4":1},"b":{"0":[1,0],"1":[1,0],"2":[1,0],"3":[1,0],"4":[1,0],"5":[1,0],"6":[1,0],"7":[1,1],"8":[1]}}
}
