{"/Users/marveltracker/code/jwt-nginx-validator/jwt-token-validator/__tests__/utils.ts": {"path":"/Users/marveltracker/code/jwt-nginx-validator/jwt-token-validator/__tests__/utils.ts","statementMap":{"0":{"start":{"line":4,"column":0},"end":{"line":4,"column":22}},"1":{"start":{"line":17,"column":0},"end":{"line":17,"column":16}},"2":{"start":{"line":1,"column":0},"end":{"line":1,"column":34}},"3":{"start":{"line":2,"column":0},"end":{"line":2,"column":24}},"4":{"start":{"line":5,"column":19},"end":{"line":5,"column":44}},"5":{"start":{"line":6,"column":14},"end":{"line":9,"column":4}},"6":{"start":{"line":10,"column":20},"end":{"line":10,"column":31}},"7":{"start":{"line":11,"column":21},"end":{"line":11,"column":36}},"8":{"start":{"line":12,"column":15},"end":{"line":12,"column":32}},"9":{"start":{"line":14,"column":2},"end":{"line":14,"column":41}},"10":{"start":{"line":18,"column":2},"end":{"line":18,"column":74}}},"fnMap":{"0":{"name":"generateKeys","decl":{"start":{"line":4,"column":22},"end":{"line":4,"column":34}},"loc":{"start":{"line":4,"column":34},"end":{"line":15,"column":null}}},"1":{"name":"mockJwksEndpoint","decl":{"start":{"line":17,"column":16},"end":{"line":17,"column":32}},"loc":{"start":{"line":17,"column":60},"end":{"line":19,"column":1}}}},"branchMap":{},"s":{"0":1,"1":1,"2":1,"3":1,"4":1,"5":1,"6":1,"7":1,"8":1,"9":1,"10":1},"f":{"0":1,"1":1},"b":{}}
,"/Users/marveltracker/code/jwt-nginx-validator/jwt-token-validator/src/auth.ts": {"path":"/Users/marveltracker/code/jwt-nginx-validator/jwt-token-validator/src/auth.ts","statementMap":{"0":{"start":{"line":1,"column":0},"end":{"line":1,"column":36}},"1":{"start":{"line":3,"column":0},"end":{"line":3,"column":50}},"2":{"start":{"line":26,"column":4},"end":{"line":26,"column":29}},"3":{"start":{"line":29,"column":4},"end":{"line":36,"column":5}},"4":{"start":{"line":30,"column":6},"end":{"line":35,"column":9}},"5":{"start":{"line":38,"column":4},"end":{"line":38,"column":40}},"6":{"start":{"line":39,"column":4},"end":{"line":39,"column":32}},"7":{"start":{"line":40,"column":4},"end":{"line":40,"column":36}},"8":{"start":{"line":41,"column":4},"end":{"line":41,"column":50}},"9":{"start":{"line":45,"column":4},"end":{"line":55,"column":7}},"10":{"start":{"line":46,"column":6},"end":{"line":54,"column":9}},"11":{"start":{"line":47,"column":8},"end":{"line":53,"column":9}},"12":{"start":{"line":48,"column":10},"end":{"line":48,"column":22}},"13":{"start":{"line":49,"column":15},"end":{"line":53,"column":9}},"14":{"start":{"line":50,"column":10},"end":{"line":50,"column":38}},"15":{"start":{"line":52,"column":10},"end":{"line":52,"column":72}},"16":{"start":{"line":62,"column":4},"end":{"line":68,"column":5}},"17":{"start":{"line":64,"column":6},"end":{"line":64,"column":59}},"18":{"start":{"line":65,"column":6},"end":{"line":65,"column":38}},"19":{"start":{"line":67,"column":6},"end":{"line":67,"column":39}},"20":{"start":{"line":70,"column":4},"end":{"line":72,"column":5}},"21":{"start":{"line":71,"column":6},"end":{"line":71,"column":57}},"22":{"start":{"line":74,"column":35},"end":{"line":78,"column":6}},"23":{"start":{"line":80,"column":4},"end":{"line":89,"column":5}},"24":{"start":{"line":82,"column":32},"end":{"line":82,"column":61}},"25":{"start":{"line":85,"column":22},"end":{"line":85,"column":67}},"26":{"start":{"line":86,"column":6},"end":{"line":86,"column":21}},"27":{"start":{"line":88,"column":6},"end":{"line":88,"column":18}},"28":{"start":{"line":93,"column":23},"end":{"line":93,"column":55}},"29":{"start":{"line":94,"column":4},"end":{"line":96,"column":5}},"30":{"start":{"line":95,"column":6},"end":{"line":95,"column":23}},"31":{"start":{"line":97,"column":18},"end":{"line":97,"column":51}},"32":{"start":{"line":98,"column":4},"end":{"line":100,"column":5}},"33":{"start":{"line":99,"column":6},"end":{"line":99,"column":22}},"34":{"start":{"line":101,"column":4},"end":{"line":101,"column":21}},"35":{"start":{"line":17,"column":0},"end":{"line":17,"column":13}}},"fnMap":{"0":{"name":"(anonymous_14)","decl":{"start":{"line":25,"column":2},"end":{"line":25,"column":14}},"loc":{"start":{"line":25,"column":32},"end":{"line":42,"column":3}}},"1":{"name":"(anonymous_15)","decl":{"start":{"line":44,"column":16},"end":{"line":44,"column":29}},"loc":{"start":{"line":44,"column":41},"end":{"line":56,"column":null}}},"2":{"name":"(anonymous_17)","decl":{"start":{"line":45,"column":23},"end":{"line":45,"column":24}},"loc":{"start":{"line":45,"column":43},"end":{"line":55,"column":5}}},"3":{"name":"(anonymous_18)","decl":{"start":{"line":46,"column":37},"end":{"line":46,"column":38}},"loc":{"start":{"line":46,"column":50},"end":{"line":54,"column":7}}},"4":{"name":"(anonymous_19)","decl":{"start":{"line":58,"column":15},"end":{"line":58,"column":28}},"loc":{"start":{"line":58,"column":42},"end":{"line":90,"column":null}}},"5":{"name":"(anonymous_21)","decl":{"start":{"line":92,"column":9},"end":{"line":92,"column":27}},"loc":{"start":{"line":92,"column":40},"end":{"line":102,"column":3}}}},"branchMap":{"0":{"loc":{"start":{"line":29,"column":4},"end":{"line":36,"column":5}},"type":"if","locations":[{"start":{"line":29,"column":4},"end":{"line":36,"column":5}}]},"1":{"loc":{"start":{"line":47,"column":8},"end":{"line":53,"column":9}},"type":"if","locations":[{"start":{"line":47,"column":8},"end":{"line":53,"column":9}},{"start":{"line":49,"column":15},"end":{"line":53,"column":9}}]},"2":{"loc":{"start":{"line":49,"column":15},"end":{"line":53,"column":9}},"type":"if","locations":[{"start":{"line":49,"column":15},"end":{"line":53,"column":9}},{"start":{"line":51,"column":15},"end":{"line":53,"column":9}}]},"3":{"loc":{"start":{"line":49,"column":19},"end":{"line":49,"column":42}},"type":"binary-expr","locations":[{"start":{"line":49,"column":19},"end":{"line":49,"column":22}},{"start":{"line":49,"column":26},"end":{"line":49,"column":42}}]},"4":{"loc":{"start":{"line":65,"column":12},"end":{"line":65,"column":37}},"type":"cond-expr","locations":[{"start":{"line":65,"column":32},"end":{"line":65,"column":34}},{"start":{"line":65,"column":32},"end":{"line":65,"column":37}}]},"5":{"loc":{"start":{"line":65,"column":12},"end":{"line":65,"column":34}},"type":"binary-expr","locations":[{"start":{"line":65,"column":12},"end":{"line":65,"column":34}},{"start":{"line":65,"column":32},"end":{"line":65,"column":34}}]},"6":{"loc":{"start":{"line":65,"column":12},"end":{"line":65,"column":32}},"type":"cond-expr","locations":[{"start":{"line":65,"column":24},"end":{"line":65,"column":26}},{"start":{"line":65,"column":12},"end":{"line":65,"column":32}}]},"7":{"loc":{"start":{"line":65,"column":12},"end":{"line":65,"column":26}},"type":"binary-expr","locations":[{"start":{"line":65,"column":12},"end":{"line":65,"column":26}},{"start":{"line":65,"column":12},"end":{"line":65,"column":26}}]},"8":{"loc":{"start":{"line":70,"column":4},"end":{"line":72,"column":5}},"type":"if","locations":[{"start":{"line":70,"column":4},"end":{"line":72,"column":5}}]},"9":{"loc":{"start":{"line":94,"column":4},"end":{"line":96,"column":5}},"type":"if","locations":[{"start":{"line":94,"column":4},"end":{"line":96,"column":5}}]},"10":{"loc":{"start":{"line":98,"column":4},"end":{"line":100,"column":5}},"type":"if","locations":[{"start":{"line":98,"column":4},"end":{"line":100,"column":5}}]},"11":{"loc":{"start":{"line":98,"column":8},"end":{"line":98,"column":33}},"type":"binary-expr","locations":[{"start":{"line":98,"column":8},"end":{"line":98,"column":13}},{"start":{"line":98,"column":17},"end":{"line":98,"column":33}}]}},"s":{"0":1,"1":1,"2":1,"3":1,"4":1,"5":1,"6":1,"7":1,"8":1,"9":0,"10":0,"11":0,"12":0,"13":0,"14":0,"15":0,"16":0,"17":0,"18":0,"19":0,"20":0,"21":0,"22":0,"23":0,"24":0,"25":0,"26":0,"27":0,"28":0,"29":0,"30":0,"31":0,"32":0,"33":0,"34":0,"35":1},"f":{"0":1,"1":0,"2":0,"3":0,"4":0,"5":0},"b":{"0":[1],"1":[0,0],"2":[0,0],"3":[0,0],"4":[0,0],"5":[0,0],"6":[0,0],"7":[0,0],"8":[0],"9":[0],"10":[0],"11":[0,0]}}
}
