TN:
SF:src/auth.ts
FN:25,(anonymous_14)
FN:44,(anonymous_15)
FN:45,(anonymous_17)
FN:46,(anonymous_18)
FN:58,(anonymous_19)
FN:92,(anonymous_21)
FNF:6
FNH:0
FNDA:0,(anonymous_14)
FNDA:0,(anonymous_15)
FNDA:0,(anonymous_17)
FNDA:0,(anonymous_18)
FNDA:0,(anonymous_19)
FNDA:0,(anonymous_21)
DA:1,1
DA:3,1
DA:17,1
DA:26,0
DA:29,0
DA:30,0
DA:38,0
DA:39,0
DA:40,0
DA:41,0
DA:45,0
DA:46,0
DA:47,0
DA:48,0
DA:49,0
DA:50,0
DA:52,0
DA:62,0
DA:64,0
DA:65,0
DA:67,0
DA:70,0
DA:71,0
DA:74,0
DA:80,0
DA:82,0
DA:85,0
DA:86,0
DA:88,0
DA:93,0
DA:94,0
DA:95,0
DA:97,0
DA:98,0
DA:99,0
DA:101,0
LF:36
LH:3
BRDA:29,0,0,0
BRDA:47,1,0,0
BRDA:47,1,1,0
BRDA:49,2,0,0
BRDA:49,2,1,0
BRDA:49,3,0,0
BRDA:49,3,1,0
BRDA:65,4,0,0
BRDA:65,4,1,0
BRDA:65,5,0,0
BRDA:65,5,1,0
BRDA:65,6,0,0
BRDA:65,6,1,0
BRDA:65,7,0,0
BRDA:65,7,1,0
BRDA:70,8,0,0
BRDA:94,9,0,0
BRDA:98,10,0,0
BRDA:98,11,0,0
BRDA:98,11,1,0
BRF:20
BRH:0
end_of_record
TN:
SF:src/index.ts
FN:25,(anonymous_8)
FN:25,(anonymous_9)
FN:41,(anonymous_10)
FN:41,(anonymous_11)
FN:46,(anonymous_12)
FNF:5
FNH:3
FNDA:3,(anonymous_8)
FNDA:3,(anonymous_9)
FNDA:0,(anonymous_10)
FNDA:0,(anonymous_11)
FNDA:1,(anonymous_12)
DA:1,1
DA:2,1
DA:3,1
DA:5,1
DA:7,1
DA:8,1
DA:10,1
DA:22,1
DA:25,3
DA:26,3
DA:27,3
DA:28,1
DA:31,2
DA:32,2
DA:33,1
DA:34,1
DA:36,1
DA:37,1
DA:41,1
DA:42,0
DA:46,1
DA:47,1
DA:50,1
LF:23
LH:22
BRDA:8,0,0,1
BRDA:8,0,1,0
BRDA:12,1,0,1
BRDA:12,1,1,0
BRDA:14,2,0,1
BRDA:14,2,1,0
BRDA:15,3,0,1
BRDA:15,3,1,0
BRDA:16,4,0,1
BRDA:16,4,1,0
BRDA:17,5,0,1
BRDA:17,5,1,0
BRDA:18,6,0,1
BRDA:18,6,1,0
BRDA:19,7,0,1
BRDA:19,7,1,1
BRDA:27,8,0,1
BRF:17
BRH:10
end_of_record
