TN:
SF:__tests__/utils.ts
FN:4,generateKeys
FN:17,mockJwksEndpoint
FNF:2
FNH:2
FNDA:1,generateKeys
FNDA:1,mockJwksEndpoint
DA:1,1
DA:2,1
DA:4,1
DA:5,1
DA:6,1
DA:10,1
DA:11,1
DA:12,1
DA:14,1
DA:17,1
DA:18,1
LF:11
LH:11
BRF:0
BRH:0
end_of_record
TN:
SF:src/auth.ts
FN:25,(anonymous_14)
FN:44,(anonymous_15)
FN:45,(anonymous_17)
FN:46,(anonymous_18)
FN:58,(anonymous_19)
FN:92,(anonymous_21)
FNF:6
FNH:1
FNDA:1,(anonymous_14)
FNDA:0,(anonymous_15)
FNDA:0,(anonymous_17)
FNDA:0,(anonymous_18)
FNDA:0,(anonymous_19)
FNDA:0,(anonymous_21)
DA:1,1
DA:3,1
DA:17,1
DA:26,1
DA:29,1
DA:30,1
DA:38,1
DA:39,1
DA:40,1
DA:41,1
DA:45,0
DA:46,0
DA:47,0
DA:48,0
DA:49,0
DA:50,0
DA:52,0
DA:62,0
DA:64,0
DA:65,0
DA:67,0
DA:70,0
DA:71,0
DA:74,0
DA:80,0
DA:82,0
DA:85,0
DA:86,0
DA:88,0
DA:93,0
DA:94,0
DA:95,0
DA:97,0
DA:98,0
DA:99,0
DA:101,0
LF:36
LH:10
BRDA:29,0,0,1
BRDA:47,1,0,0
BRDA:47,1,1,0
BRDA:49,2,0,0
BRDA:49,2,1,0
BRDA:49,3,0,0
BRDA:49,3,1,0
BRDA:65,4,0,0
BRDA:65,4,1,0
BRDA:65,5,0,0
BRDA:65,5,1,0
BRDA:65,6,0,0
BRDA:65,6,1,0
BRDA:65,7,0,0
BRDA:65,7,1,0
BRDA:70,8,0,0
BRDA:94,9,0,0
BRDA:98,10,0,0
BRDA:98,11,0,0
BRDA:98,11,1,0
BRF:20
BRH:1
end_of_record
